<?xml version="1.0" encoding="UTF-8"?>
<!-- Generated by org.testng.reporters.JUnitReportReporter -->
<testsuite skipped="30" hostname="sureifyadmin-Latitude-3400" name="tests.UATURLFromQuilityRunner" tests="31" failures="0" timestamp="2020-09-25T19:45:04 IST" time="39.017" errors="1">
  <testcase name="record_0001" time="39.017" classname="tests.UATURLFromQuilityRunner">
    <error type="org.openqa.selenium.ElementClickInterceptedException" message="element click intercepted: Element &lt;div class=&quot;v-list-item__title&quot;&gt;...&lt;/div&gt; is not clickable at point (582, 582). Other element would receive the click: &lt;div id=&quot;titlediv&quot; class=&quot;zsiq_cnt&quot;&gt;...&lt;/div&gt;
  (Session info: headless chrome=84.0.4147.135)
Build info: version: &#039;3.141.59&#039;, revision: &#039;e82be7d358&#039;, time: &#039;2018-11-14T08:17:03&#039;
System info: host: &#039;sureifyadmin-Latitude-3400&#039;, ip: &#039;127.0.1.1&#039;, os.name: &#039;Linux&#039;, os.arch: &#039;amd64&#039;, os.version: &#039;4.15.0-1096-oem&#039;, java.version: &#039;1.8.0_241&#039;
Driver info: org.openqa.selenium.chrome.ChromeDriver
Capabilities {acceptInsecureCerts: false, browserName: chrome, browserVersion: 84.0.4147.135, chrome: {chromedriverVersion: 84.0.4147.30 (48b3e868b4cc0..., userDataDir: /tmp/.com.google.Chrome.mqkEZC}, goog:chromeOptions: {debuggerAddress: localhost:37971}, javascriptEnabled: true, networkConnectionEnabled: false, pageLoadStrategy: normal, platform: LINUX, platformName: LINUX, proxy: Proxy(), setWindowRect: true, strictFileInteractability: false, timeouts: {implicit: 0, pageLoad: 300000, script: 30000}, unhandledPromptBehavior: dismiss and notify, webauthn:virtualAuthenticators: true}
Session ID: 2ff773c3a1440a66d2b121dd9f188608">
      <![CDATA[org.openqa.selenium.ElementClickInterceptedException: element click intercepted: Element <div class="v-list-item__title">...</div> is not clickable at point (582, 582). Other element would receive the click: <div id="titlediv" class="zsiq_cnt">...</div>
  (Session info: headless chrome=84.0.4147.135)
Build info: version: '3.141.59', revision: 'e82be7d358', time: '2018-11-14T08:17:03'
System info: host: 'sureifyadmin-Latitude-3400', ip: '127.0.1.1', os.name: 'Linux', os.arch: 'amd64', os.version: '4.15.0-1096-oem', java.version: '1.8.0_241'
Driver info: org.openqa.selenium.chrome.ChromeDriver
Capabilities {acceptInsecureCerts: false, browserName: chrome, browserVersion: 84.0.4147.135, chrome: {chromedriverVersion: 84.0.4147.30 (48b3e868b4cc0..., userDataDir: /tmp/.com.google.Chrome.mqkEZC}, goog:chromeOptions: {debuggerAddress: localhost:37971}, javascriptEnabled: true, networkConnectionEnabled: false, pageLoadStrategy: normal, platform: LINUX, platformName: LINUX, proxy: Proxy(), setWindowRect: true, strictFileInteractability: false, timeouts: {implicit: 0, pageLoad: 300000, script: 30000}, unhandledPromptBehavior: dismiss and notify, webauthn:virtualAuthenticators: true}
Session ID: 2ff773c3a1440a66d2b121dd9f188608
at sun.reflect.NativeConstructorAccessorImpl.newInstance0(Native Method)
at sun.reflect.NativeConstructorAccessorImpl.newInstance(NativeConstructorAccessorImpl.java:62)
at sun.reflect.DelegatingConstructorAccessorImpl.newInstance(DelegatingConstructorAccessorImpl.java:45)
at java.lang.reflect.Constructor.newInstance(Constructor.java:423)
at org.openqa.selenium.remote.http.W3CHttpResponseCodec.createException(W3CHttpResponseCodec.java:187)
at org.openqa.selenium.remote.http.W3CHttpResponseCodec.decode(W3CHttpResponseCodec.java:122)
at org.openqa.selenium.remote.http.W3CHttpResponseCodec.decode(W3CHttpResponseCodec.java:49)
at org.openqa.selenium.remote.HttpCommandExecutor.execute(HttpCommandExecutor.java:158)
at org.openqa.selenium.remote.service.DriverCommandExecutor.execute(DriverCommandExecutor.java:83)
at org.openqa.selenium.remote.RemoteWebDriver.execute(RemoteWebDriver.java:552)
at org.openqa.selenium.remote.RemoteWebElement.execute(RemoteWebElement.java:285)
at org.openqa.selenium.remote.RemoteWebElement.click(RemoteWebElement.java:84)
at regression.UATURLFromQuility.selectAmount(UATURLFromQuility.java:205)
at regression.UATURLFromQuility.getPremium(UATURLFromQuility.java:104)
at tests.UATURLFromQuilityRunner.record_0001(UATURLFromQuilityRunner.java:18)
at sun.reflect.NativeMethodAccessorImpl.invoke0(Native Method)
at sun.reflect.NativeMethodAccessorImpl.invoke(NativeMethodAccessorImpl.java:62)
at sun.reflect.DelegatingMethodAccessorImpl.invoke(DelegatingMethodAccessorImpl.java:43)
at java.lang.reflect.Method.invoke(Method.java:498)
at org.testng.internal.MethodInvocationHelper.invokeMethod(MethodInvocationHelper.java:134)
at org.testng.internal.TestInvoker.invokeMethod(TestInvoker.java:597)
at org.testng.internal.TestInvoker.invokeTestMethod(TestInvoker.java:173)
at org.testng.internal.MethodRunner.runInSequence(MethodRunner.java:46)
at org.testng.internal.TestInvoker$MethodInvocationAgent.invoke(TestInvoker.java:816)
at org.testng.internal.TestInvoker.invokeTestMethods(TestInvoker.java:146)
at org.testng.internal.TestMethodWorker.invokeTestMethods(TestMethodWorker.java:146)
at org.testng.internal.TestMethodWorker.run(TestMethodWorker.java:128)
at java.util.ArrayList.forEach(ArrayList.java:1257)
at org.testng.TestRunner.privateRun(TestRunner.java:766)
at org.testng.TestRunner.run(TestRunner.java:587)
at org.testng.SuiteRunner.runTest(SuiteRunner.java:384)
at org.testng.SuiteRunner.runSequentially(SuiteRunner.java:378)
at org.testng.SuiteRunner.privateRun(SuiteRunner.java:337)
at org.testng.SuiteRunner.run(SuiteRunner.java:286)
at org.testng.SuiteRunnerWorker.runSuite(SuiteRunnerWorker.java:53)
at org.testng.SuiteRunnerWorker.run(SuiteRunnerWorker.java:96)
at org.testng.TestNG.runSuitesSequentially(TestNG.java:1187)
at org.testng.TestNG.runSuitesLocally(TestNG.java:1109)
at org.testng.TestNG.runSuites(TestNG.java:1039)
at org.testng.TestNG.run(TestNG.java:1007)
at org.testng.remote.AbstractRemoteTestNG.run(AbstractRemoteTestNG.java:115)
at org.testng.remote.RemoteTestNG.initAndRun(RemoteTestNG.java:251)
at org.testng.remote.RemoteTestNG.main(RemoteTestNG.java:77)
]]>
    </error>
  </testcase> <!-- record_0001 -->
  <system-out/>
  <testcase name="record_0006" classname="tests.UATURLFromQuilityRunner">
    <skipped/>
  </testcase> <!-- record_0006 -->
  <system-out/>
  <testcase name="record_0028" classname="tests.UATURLFromQuilityRunner">
    <skipped/>
  </testcase> <!-- record_0028 -->
  <system-out/>
  <testcase name="record_0009" classname="tests.UATURLFromQuilityRunner">
    <skipped/>
  </testcase> <!-- record_0009 -->
  <system-out/>
  <testcase name="record_0004" classname="tests.UATURLFromQuilityRunner">
    <skipped/>
  </testcase> <!-- record_0004 -->
  <system-out/>
  <testcase name="record_0026" classname="tests.UATURLFromQuilityRunner">
    <skipped/>
  </testcase> <!-- record_0026 -->
  <system-out/>
  <testcase name="record_0007" classname="tests.UATURLFromQuilityRunner">
    <skipped/>
  </testcase> <!-- record_0007 -->
  <system-out/>
  <testcase name="record_0029" classname="tests.UATURLFromQuilityRunner">
    <skipped/>
  </testcase> <!-- record_0029 -->
  <system-out/>
  <testcase name="record_0002" classname="tests.UATURLFromQuilityRunner">
    <skipped/>
  </testcase> <!-- record_0002 -->
  <system-out/>
  <testcase name="record_0024" classname="tests.UATURLFromQuilityRunner">
    <skipped/>
  </testcase> <!-- record_0024 -->
  <system-out/>
  <testcase name="record_0005" classname="tests.UATURLFromQuilityRunner">
    <skipped/>
  </testcase> <!-- record_0005 -->
  <system-out/>
  <testcase name="record_0027" classname="tests.UATURLFromQuilityRunner">
    <skipped/>
  </testcase> <!-- record_0027 -->
  <system-out/>
  <testcase name="record_0003" classname="tests.UATURLFromQuilityRunner">
    <skipped/>
  </testcase> <!-- record_0003 -->
  <system-out/>
  <testcase name="record_0025" classname="tests.UATURLFromQuilityRunner">
    <skipped/>
  </testcase> <!-- record_0025 -->
  <system-out/>
  <testcase name="record_0022" classname="tests.UATURLFromQuilityRunner">
    <skipped/>
  </testcase> <!-- record_0022 -->
  <system-out/>
  <testcase name="record_0020" classname="tests.UATURLFromQuilityRunner">
    <skipped/>
  </testcase> <!-- record_0020 -->
  <system-out/>
  <testcase name="record_0023" classname="tests.UATURLFromQuilityRunner">
    <skipped/>
  </testcase> <!-- record_0023 -->
  <system-out/>
  <testcase name="record_0021" classname="tests.UATURLFromQuilityRunner">
    <skipped/>
  </testcase> <!-- record_0021 -->
  <system-out/>
  <testcase name="record_0008" classname="tests.UATURLFromQuilityRunner">
    <skipped/>
  </testcase> <!-- record_0008 -->
  <system-out/>
  <testcase name="record_0017" classname="tests.UATURLFromQuilityRunner">
    <skipped/>
  </testcase> <!-- record_0017 -->
  <system-out/>
  <testcase name="record_0015" classname="tests.UATURLFromQuilityRunner">
    <skipped/>
  </testcase> <!-- record_0015 -->
  <system-out/>
  <testcase name="record_0018" classname="tests.UATURLFromQuilityRunner">
    <skipped/>
  </testcase> <!-- record_0018 -->
  <system-out/>
  <testcase name="record_0013" classname="tests.UATURLFromQuilityRunner">
    <skipped/>
  </testcase> <!-- record_0013 -->
  <system-out/>
  <testcase name="record_0016" classname="tests.UATURLFromQuilityRunner">
    <skipped/>
  </testcase> <!-- record_0016 -->
  <system-out/>
  <testcase name="record_0014" classname="tests.UATURLFromQuilityRunner">
    <skipped/>
  </testcase> <!-- record_0014 -->
  <system-out/>
  <testcase name="record_0011" classname="tests.UATURLFromQuilityRunner">
    <skipped/>
  </testcase> <!-- record_0011 -->
  <system-out/>
  <testcase name="record_0031" classname="tests.UATURLFromQuilityRunner">
    <skipped/>
  </testcase> <!-- record_0031 -->
  <system-out/>
  <testcase name="record_0012" classname="tests.UATURLFromQuilityRunner">
    <skipped/>
  </testcase> <!-- record_0012 -->
  <system-out/>
  <testcase name="record_0010" classname="tests.UATURLFromQuilityRunner">
    <skipped/>
  </testcase> <!-- record_0010 -->
  <system-out/>
  <testcase name="record_0030" classname="tests.UATURLFromQuilityRunner">
    <skipped/>
  </testcase> <!-- record_0030 -->
  <system-out/>
  <testcase name="record_0019" classname="tests.UATURLFromQuilityRunner">
    <skipped/>
  </testcase> <!-- record_0019 -->
  <system-out/>
</testsuite> <!-- tests.UATURLFromQuilityRunner -->
