<?xml version="1.0" encoding="UTF-8"?>
<!-- Generated by org.testng.reporters.JUnitReportReporter -->
<testsuite skipped="13" hostname="sureifyadmin-Latitude-3400" name="tests.ProdTestRunner" tests="32" failures="0" timestamp="2020-09-29T02:44:47 PDT" time="1113.497" errors="1">
  <testcase name="record_0015" time="41.364" classname="tests.ProdTestRunner"/>
  <system-out/>
  <testcase name="record_0030" time="21.104" classname="tests.ProdTestRunner">
    <skipped/>
  </testcase> <!-- record_0030 -->
  <system-out/>
  <testcase name="record_0031" time="16.125" classname="tests.ProdTestRunner">
    <skipped/>
  </testcase> <!-- record_0031 -->
  <system-out/>
  <testcase name="record_0021" time="19.845" classname="tests.ProdTestRunner">
    <skipped/>
  </testcase> <!-- record_0021 -->
  <system-out/>
  <testcase name="record_0019" time="18.886" classname="tests.ProdTestRunner">
    <skipped/>
  </testcase> <!-- record_0019 -->
  <system-out/>
  <testcase name="record_0007" time="39.920" classname="tests.ProdTestRunner"/>
  <system-out/>
  <testcase name="record_0003" time="47.909" classname="tests.ProdTestRunner"/>
  <system-out/>
  <testcase name="record_0023" time="17.637" classname="tests.ProdTestRunner">
    <skipped/>
  </testcase> <!-- record_0023 -->
  <system-out/>
  <testcase name="record_0010" time="42.059" classname="tests.ProdTestRunner"/>
  <system-out/>
  <testcase name="beforeSuite" time="187.255" classname="tests.ProdTestRunner">
    <error type="org.openqa.selenium.TimeoutException" message="Expected condition failed: waiting for visibility of element located by By.xpath: (//span[text()=&#039;Get Covered&#039;])[1] (tried for 30 second(s) with 500 milliseconds interval)">
      <![CDATA[org.openqa.selenium.TimeoutException: Expected condition failed: waiting for visibility of element located by By.xpath: (//span[text()='Get Covered'])[1] (tried for 30 second(s) with 500 milliseconds interval)
at org.openqa.selenium.support.ui.WebDriverWait.timeoutException(WebDriverWait.java:95)
at org.openqa.selenium.support.ui.FluentWait.until(FluentWait.java:272)
at regression.PRODRegTests.getQuotePage(PRODRegTests.java:91)
at tests.ProdTestRunner.beforeSuite(ProdTestRunner.java:206)
at sun.reflect.GeneratedMethodAccessor2.invoke(Unknown Source)
at sun.reflect.DelegatingMethodAccessorImpl.invoke(DelegatingMethodAccessorImpl.java:43)
at java.lang.reflect.Method.invoke(Method.java:498)
at org.testng.internal.MethodInvocationHelper.invokeMethod(MethodInvocationHelper.java:134)
at org.testng.internal.MethodInvocationHelper.invokeMethodConsideringTimeout(MethodInvocationHelper.java:63)
at org.testng.internal.ConfigInvoker.invokeConfigurationMethod(ConfigInvoker.java:348)
at org.testng.internal.ConfigInvoker.invokeConfigurations(ConfigInvoker.java:302)
at org.testng.internal.TestInvoker.runConfigMethods(TestInvoker.java:695)
at org.testng.internal.TestInvoker.invokeMethod(TestInvoker.java:523)
at org.testng.internal.TestInvoker.invokeTestMethod(TestInvoker.java:173)
at org.testng.internal.MethodRunner.runInSequence(MethodRunner.java:46)
at org.testng.internal.TestInvoker$MethodInvocationAgent.invoke(TestInvoker.java:816)
at org.testng.internal.TestInvoker.invokeTestMethods(TestInvoker.java:146)
at org.testng.internal.TestMethodWorker.invokeTestMethods(TestMethodWorker.java:146)
at org.testng.internal.TestMethodWorker.run(TestMethodWorker.java:128)
at java.util.ArrayList.forEach(ArrayList.java:1257)
at org.testng.TestRunner.privateRun(TestRunner.java:766)
at org.testng.TestRunner.run(TestRunner.java:587)
at org.testng.SuiteRunner.runTest(SuiteRunner.java:384)
at org.testng.SuiteRunner.runSequentially(SuiteRunner.java:378)
at org.testng.SuiteRunner.privateRun(SuiteRunner.java:337)
at org.testng.SuiteRunner.run(SuiteRunner.java:286)
at org.testng.SuiteRunnerWorker.runSuite(SuiteRunnerWorker.java:53)
at org.testng.SuiteRunnerWorker.run(SuiteRunnerWorker.java:96)
at org.testng.TestNG.runSuitesSequentially(TestNG.java:1187)
at org.testng.TestNG.runSuitesLocally(TestNG.java:1109)
at org.testng.TestNG.runSuites(TestNG.java:1039)
at org.testng.TestNG.run(TestNG.java:1007)
at org.testng.remote.AbstractRemoteTestNG.run(AbstractRemoteTestNG.java:115)
at org.testng.remote.RemoteTestNG.initAndRun(RemoteTestNG.java:251)
at org.testng.remote.RemoteTestNG.main(RemoteTestNG.java:77)
Caused by: org.openqa.selenium.NoSuchElementException: no such element: Unable to locate element: {"method":"xpath","selector":"(//span[text()='Get Covered'])[1]"}
  (Session info: chrome=84.0.4147.135)
For documentation on this error, please visit: https://www.seleniumhq.org/exceptions/no_such_element.html
Build info: version: '3.141.59', revision: 'e82be7d358', time: '2018-11-14T08:17:03'
System info: host: 'sureifyadmin-Latitude-3400', ip: '127.0.1.1', os.name: 'Linux', os.arch: 'amd64', os.version: '4.15.0-1097-oem', java.version: '1.8.0_241'
Driver info: org.openqa.selenium.chrome.ChromeDriver
Capabilities {acceptInsecureCerts: false, browserName: chrome, browserVersion: 84.0.4147.135, chrome: {chromedriverVersion: 84.0.4147.30 (48b3e868b4cc0..., userDataDir: /tmp/.com.google.Chrome.FIW8gW}, goog:chromeOptions: {debuggerAddress: localhost:46553}, javascriptEnabled: true, networkConnectionEnabled: false, pageLoadStrategy: normal, platform: LINUX, platformName: LINUX, proxy: Proxy(), setWindowRect: true, strictFileInteractability: false, timeouts: {implicit: 0, pageLoad: 300000, script: 30000}, unhandledPromptBehavior: dismiss and notify, webauthn:virtualAuthenticators: true}
Session ID: 271947a4b65890d77de2847d2d583399
*** Element info: {Using=xpath, value=(//span[text()='Get Covered'])[1]}
at sun.reflect.NativeConstructorAccessorImpl.newInstance0(Native Method)
at sun.reflect.NativeConstructorAccessorImpl.newInstance(NativeConstructorAccessorImpl.java:62)
at sun.reflect.DelegatingConstructorAccessorImpl.newInstance(DelegatingConstructorAccessorImpl.java:45)
at java.lang.reflect.Constructor.newInstance(Constructor.java:423)
at org.openqa.selenium.remote.http.W3CHttpResponseCodec.createException(W3CHttpResponseCodec.java:187)
at org.openqa.selenium.remote.http.W3CHttpResponseCodec.decode(W3CHttpResponseCodec.java:122)
at org.openqa.selenium.remote.http.W3CHttpResponseCodec.decode(W3CHttpResponseCodec.java:49)
at org.openqa.selenium.remote.HttpCommandExecutor.execute(HttpCommandExecutor.java:158)
at org.openqa.selenium.remote.service.DriverCommandExecutor.execute(DriverCommandExecutor.java:83)
at org.openqa.selenium.remote.RemoteWebDriver.execute(RemoteWebDriver.java:552)
at org.openqa.selenium.remote.RemoteWebDriver.findElement(RemoteWebDriver.java:323)
at org.openqa.selenium.remote.RemoteWebDriver.findElementByXPath(RemoteWebDriver.java:428)
at org.openqa.selenium.By$ByXPath.findElement(By.java:353)
at org.openqa.selenium.remote.RemoteWebDriver.findElement(RemoteWebDriver.java:315)
at org.openqa.selenium.support.ui.ExpectedConditions$7.apply(ExpectedConditions.java:205)
at org.openqa.selenium.support.ui.ExpectedConditions$7.apply(ExpectedConditions.java:201)
at org.openqa.selenium.support.ui.FluentWait.until(FluentWait.java:249)
... 33 more
]]>
    </error>
  </testcase> <!-- beforeSuite -->
  <system-out/>
  <testcase name="record_0020" time="21.758" classname="tests.ProdTestRunner">
    <skipped/>
  </testcase> <!-- record_0020 -->
  <system-out/>
  <testcase name="record_0002" time="51.728" classname="tests.ProdTestRunner"/>
  <system-out/>
  <testcase name="record_0016" time="39.508" classname="tests.ProdTestRunner"/>
  <system-out/>
  <testcase name="record_0001" time="69.946" classname="tests.ProdTestRunner"/>
  <system-out/>
  <testcase name="record_0012" time="169.965" classname="tests.ProdTestRunner"/>
  <system-out/>
  <testcase name="record_0004" time="42.728" classname="tests.ProdTestRunner"/>
  <system-out/>
  <testcase name="record_0018" time="49.609" classname="tests.ProdTestRunner"/>
  <system-out/>
  <testcase name="record_0011" time="40.991" classname="tests.ProdTestRunner"/>
  <system-out/>
  <testcase name="record_0017" time="28.298" classname="tests.ProdTestRunner"/>
  <system-out/>
  <testcase name="record_0005" time="27.035" classname="tests.ProdTestRunner"/>
  <system-out/>
  <testcase name="record_0006" time="23.940" classname="tests.ProdTestRunner"/>
  <system-out/>
  <testcase name="record_0013" time="23.648" classname="tests.ProdTestRunner"/>
  <system-out/>
  <testcase name="record_0025" time="0.000" classname="tests.ProdTestRunner">
    <skipped/>
  </testcase> <!-- record_0025 -->
  <system-out/>
  <testcase name="record_0008" time="24.757" classname="tests.ProdTestRunner"/>
  <system-out/>
  <testcase name="record_0027" time="0.000" classname="tests.ProdTestRunner">
    <skipped/>
  </testcase> <!-- record_0027 -->
  <system-out/>
  <testcase name="record_0028" time="0.000" classname="tests.ProdTestRunner">
    <skipped/>
  </testcase> <!-- record_0028 -->
  <system-out/>
  <testcase name="record_0029" time="0.000" classname="tests.ProdTestRunner">
    <skipped/>
  </testcase> <!-- record_0029 -->
  <system-out/>
  <testcase name="record_0026" time="0.000" classname="tests.ProdTestRunner">
    <skipped/>
  </testcase> <!-- record_0026 -->
  <system-out/>
  <testcase name="record_0022" time="0.000" classname="tests.ProdTestRunner">
    <skipped/>
  </testcase> <!-- record_0022 -->
  <system-out/>
  <testcase name="record_0024" time="0.000" classname="tests.ProdTestRunner">
    <skipped/>
  </testcase> <!-- record_0024 -->
  <system-out/>
  <testcase name="record_0014" time="23.098" classname="tests.ProdTestRunner"/>
  <system-out/>
  <testcase name="record_0009" time="24.384" classname="tests.ProdTestRunner"/>
  <system-out/>
</testsuite> <!-- tests.ProdTestRunner -->
